<?xml version="1.0" encoding="UTF-8"?>
<!-- Generated by org.testng.reporters.JUnitReportReporter -->
<testsuite skipped="0" hostname="DESKTOP-0GM4DDI" name="com.hema.madhuri.selenium.maven.Testdemo" tests="1" failures="0" timestamp="09 Jun 2021 08:33:16 GMT" time="137.897" errors="0">
  <testcase name="demo" time="137.897" classname="com.hema.madhuri.selenium.maven.Testdemo"/>
</testsuite> <!-- com.hema.madhuri.selenium.maven.Testdemo -->
